> Task :compileJava UP-TO-DATE
> Task :processResources UP-TO-DATE
> Task :classes UP-TO-DATE
> Task :compileTestJava UP-TO-DATE
> Task :processTestResources UP-TO-DATE
> Task :testClasses UP-TO-DATE

> Task :test

KiwoomClient í…ŒìŠ¤íŠ¸ > ì—°ì†ì¡°íšŒ í—¤ë”ê°€ ì˜¬ë°”ë¥´ê²Œ ì²˜ë¦¬ëœë‹¤ (cont-yn) STANDARD_OUT
    23:56:30.946 [Test worker] INFO com.kairos.trading.common.gateway.ApiGatekeeper -- ApiGatekeeper ì´ˆê¸°í™” ì™„ë£Œ - 3 ê°œì˜ API ë²„í‚· ìƒì„±

KiwoomClient í…ŒìŠ¤íŠ¸ > ì—°ì†ì¡°íšŒ í—¤ë”ê°€ ì˜¬ë°”ë¥´ê²Œ ì²˜ë¦¬ëœë‹¤ (cont-yn) PASSED

KiwoomClient í…ŒìŠ¤íŠ¸ > í† í° ë°œê¸‰ ì‹¤íŒ¨ ì‹œ ì˜ˆì™¸ ë°œìƒ STANDARD_OUT
    23:56:32.108 [Test worker] INFO com.kairos.trading.common.gateway.ApiGatekeeper -- ApiGatekeeper ì´ˆê¸°í™” ì™„ë£Œ - 3 ê°œì˜ API ë²„í‚· ìƒì„±
    23:56:32.197 [Test worker] INFO com.kairos.trading.common.client.KiwoomClient -- í‚¤ì›€ API í† í° ë°œê¸‰ ìš”ì²­
    23:56:32.222 [Test worker] ERROR com.kairos.trading.common.client.KiwoomClient -- í† í° ë°œê¸‰ ì‹¤íŒ¨: 401 UNAUTHORIZED - Unauthorized

KiwoomClient í…ŒìŠ¤íŠ¸ > í† í° ë°œê¸‰ ì‹¤íŒ¨ ì‹œ ì˜ˆì™¸ ë°œìƒ PASSED

KiwoomClient í…ŒìŠ¤íŠ¸ > í† í° ë°œê¸‰ ì„±ê³µ (au10001) STANDARD_OUT
    23:56:32.256 [Test worker] INFO com.kairos.trading.common.gateway.ApiGatekeeper -- ApiGatekeeper ì´ˆê¸°í™” ì™„ë£Œ - 3 ê°œì˜ API ë²„í‚· ìƒì„±
    23:56:32.258 [Test worker] INFO com.kairos.trading.common.client.KiwoomClient -- í‚¤ì›€ API í† í° ë°œê¸‰ ìš”ì²­

KiwoomClient í…ŒìŠ¤íŠ¸ > í† í° ë°œê¸‰ ì„±ê³µ (au10001) PASSED

KiwoomClient í…ŒìŠ¤íŠ¸ > ì£¼ì‹ ê¸°ë³¸ì •ë³´ ì¡°íšŒ ì„±ê³µ (ka10001) STANDARD_OUT
    23:56:32.401 [Test worker] INFO com.kairos.trading.common.gateway.ApiGatekeeper -- ApiGatekeeper ì´ˆê¸°í™” ì™„ë£Œ - 3 ê°œì˜ API ë²„í‚· ìƒì„±

KiwoomClient í…ŒìŠ¤íŠ¸ > ì£¼ì‹ ê¸°ë³¸ì •ë³´ ì¡°íšŒ ì„±ê³µ (ka10001) PASSED

KiwoomClient í…ŒìŠ¤íŠ¸ > Rate Limit ì´ˆê³¼ ì‘ë‹µ(429) ì‹œ ì˜ˆì™¸ ë°œìƒ STANDARD_OUT
    23:56:32.417 [Test worker] INFO com.kairos.trading.common.gateway.ApiGatekeeper -- ApiGatekeeper ì´ˆê¸°í™” ì™„ë£Œ - 3 ê°œì˜ API ë²„í‚· ìƒì„±
    23:56:32.427 [Test worker] WARN com.kairos.trading.common.client.KiwoomClient -- í‚¤ì›€ API Rate Limit ì´ˆê³¼

KiwoomClient í…ŒìŠ¤íŠ¸ > Rate Limit ì´ˆê³¼ ì‘ë‹µ(429) ì‹œ ì˜ˆì™¸ ë°œìƒ PASSED

KiwoomClient í…ŒìŠ¤íŠ¸ > API íƒ€ìž„ì•„ì›ƒ ì‹œ ì˜ˆì™¸ ë°œìƒ STANDARD_OUT
    23:56:32.430 [Test worker] INFO com.kairos.trading.common.gateway.ApiGatekeeper -- ApiGatekeeper ì´ˆê¸°í™” ì™„ë£Œ - 3 ê°œì˜ API ë²„í‚· ìƒì„±
    23:56:37.437 [Test worker] ERROR com.kairos.trading.common.client.KiwoomClient -- ì£¼ì‹ì •ë³´ ì¡°íšŒ ì¤‘ ì˜ˆì™¸ ë°œìƒ
    org.springframework.web.client.ResourceAccessException: I/O error on GET request for "http://localhost:7205/api/dostk/stkinfo": Read timed out
    	at org.springframework.web.client.DefaultRestClient$DefaultRequestBodyUriSpec.createResourceAccessException(DefaultRestClient.java:692)
    	at org.springframework.web.client.DefaultRestClient$DefaultRequestBodyUriSpec.exchangeInternal(DefaultRestClient.java:577)
    	at org.springframework.web.client.DefaultRestClient$DefaultRequestBodyUriSpec.exchange(DefaultRestClient.java:535)
    	at org.springframework.web.client.RestClient$RequestHeadersSpec.exchange(RestClient.java:677)
    	at org.springframework.web.client.DefaultRestClient$DefaultResponseSpec.executeAndExtract(DefaultRestClient.java:809)
    	at org.springframework.web.client.DefaultRestClient$DefaultResponseSpec.body(DefaultRestClient.java:745)
    	at com.kairos.trading.common.client.KiwoomClient.lambda$getStockInfo$6(KiwoomClient.java:110)
    	at com.kairos.trading.common.gateway.ApiGatekeeper.execute(ApiGatekeeper.java:97)
    	at com.kairos.trading.common.client.KiwoomClient.getStockInfo(KiwoomClient.java:92)
    	at com.kairos.trading.common.client.KiwoomClientTest.lambda$getStockInfo_shouldThrowException_whenTimeout$2(KiwoomClientTest.java:183)
    	at org.assertj.core.api.ThrowableAssert.catchThrowable(ThrowableAssert.java:63)
    	at org.assertj.core.api.AssertionsForClassTypes.catchThrowable(AssertionsForClassTypes.java:904)
    	at org.assertj.core.api.Assertions.catchThrowable(Assertions.java:1470)
    	at org.assertj.core.api.Assertions.assertThatThrownBy(Assertions.java:1313)
    	at com.kairos.trading.common.client.KiwoomClientTest.getStockInfo_shouldThrowException_whenTimeout(KiwoomClientTest.java:183)
    	at java.base/jdk.internal.reflect.DirectMethodHandleAccessor.invoke(DirectMethodHandleAccessor.java:103)
    	at java.base/java.lang.reflect.Method.invoke(Method.java:580)
    	at org.junit.platform.commons.util.ReflectionUtils.invokeMethod(ReflectionUtils.java:767)
    	at org.junit.jupiter.engine.execution.MethodInvocation.proceed(MethodInvocation.java:60)
    	at org.junit.jupiter.engine.execution.InvocationInterceptorChain$ValidatingInvocation.proceed(InvocationInterceptorChain.java:131)
    	at org.junit.jupiter.engine.extension.TimeoutExtension.intercept(TimeoutExtension.java:156)
    	at org.junit.jupiter.engine.extension.TimeoutExtension.interceptTestableMethod(TimeoutExtension.java:147)
    	at org.junit.jupiter.engine.extension.TimeoutExtension.interceptTestMethod(TimeoutExtension.java:86)
    	at org.junit.jupiter.engine.execution.InterceptingExecutableInvoker$ReflectiveInterceptorCall.lambda$ofVoidMethod$0(InterceptingExecutableInvoker.java:103)
    	at org.junit.jupiter.engine.execution.InterceptingExecutableInvoker.lambda$invoke$0(InterceptingExecutableInvoker.java:93)
    	at org.junit.jupiter.engine.execution.InvocationInterceptorChain$InterceptedInvocation.proceed(InvocationInterceptorChain.java:106)
    	at org.junit.jupiter.engine.execution.InvocationInterceptorChain.proceed(InvocationInterceptorChain.java:64)
    	at org.junit.jupiter.engine.execution.InvocationInterceptorChain.chainAndInvoke(InvocationInterceptorChain.java:45)
    	at org.junit.jupiter.engine.execution.InvocationInterceptorChain.invoke(InvocationInterceptorChain.java:37)
    	at org.junit.jupiter.engine.execution.InterceptingExecutableInvoker.invoke(InterceptingExecutableInvoker.java:92)
    	at org.junit.jupiter.engine.execution.InterceptingExecutableInvoker.invoke(InterceptingExecutableInvoker.java:86)
    	at org.junit.jupiter.engine.descriptor.TestMethodTestDescriptor.lambda$invokeTestMethod$8(TestMethodTestDescriptor.java:217)
    	at org.junit.platform.engine.support.hierarchical.ThrowableCollector.execute(ThrowableCollector.java:73)
    	at org.junit.jupiter.engine.descriptor.TestMethodTestDescriptor.invokeTestMethod(TestMethodTestDescriptor.java:213)
    	at org.junit.jupiter.engine.descriptor.TestMethodTestDescriptor.execute(TestMethodTestDescriptor.java:138)
    	at org.junit.jupiter.engine.descriptor.TestMethodTestDescriptor.execute(TestMethodTestDescriptor.java:68)
    	at org.junit.platform.engine.support.hierarchical.NodeTestTask.lambda$executeRecursively$6(NodeTestTask.java:156)
    	at org.junit.platform.engine.support.hierarchical.ThrowableCollector.execute(ThrowableCollector.java:73)
    	at org.junit.platform.engine.support.hierarchical.NodeTestTask.lambda$executeRecursively$8(NodeTestTask.java:146)
    	at org.junit.platform.engine.support.hierarchical.Node.around(Node.java:137)
    	at org.junit.platform.engine.support.hierarchical.NodeTestTask.lambda$executeRecursively$9(NodeTestTask.java:144)
    	at org.junit.platform.engine.support.hierarchical.ThrowableCollector.execute(ThrowableCollector.java:73)
    	at org.junit.platform.engine.support.hierarchical.NodeTestTask.executeRecursively(NodeTestTask.java:143)
    	at org.junit.platform.engine.support.hierarchical.NodeTestTask.execute(NodeTestTask.java:100)
    	at java.base/java.util.ArrayList.forEach(ArrayList.java:1596)
    	at org.junit.platform.engine.support.hierarchical.SameThreadHierarchicalTestExecutorService.invokeAll(SameThreadHierarchicalTestExecutorService.java:41)
    	at org.junit.platform.engine.support.hierarchical.NodeTestTask.lambda$executeRecursively$6(NodeTestTask.java:160)
    	at org.junit.platform.engine.support.hierarchical.ThrowableCollector.execute(ThrowableCollector.java:73)
    	at org.junit.platform.engine.support.hierarchical.NodeTestTask.lambda$executeRecursively$8(NodeTestTask.java:146)
    	at org.junit.platform.engine.support.hierarchical.Node.around(Node.java:137)
    	at org.junit.platform.engine.support.hierarchical.NodeTestTask.lambda$executeRecursively$9(NodeTestTask.java:144)
    	at org.junit.platform.engine.support.hierarchical.ThrowableCollector.execute(ThrowableCollector.java:73)
    	at org.junit.platform.engine.support.hierarchical.NodeTestTask.executeRecursively(NodeTestTask.java:143)
    	at org.junit.platform.engine.support.hierarchical.NodeTestTask.execute(NodeTestTask.java:100)
    	at java.base/java.util.ArrayList.forEach(ArrayList.java:1596)
    	at org.junit.platform.engine.support.hierarchical.SameThreadHierarchicalTestExecutorService.invokeAll(SameThreadHierarchicalTestExecutorService.java:41)
    	at org.junit.platform.engine.support.hierarchical.NodeTestTask.lambda$executeRecursively$6(NodeTestTask.java:160)
    	at org.junit.platform.engine.support.hierarchical.ThrowableCollector.execute(ThrowableCollector.java:73)
    	at org.junit.platform.engine.support.hierarchical.NodeTestTask.lambda$executeRecursively$8(NodeTestTask.java:146)
    	at org.junit.platform.engine.support.hierarchical.Node.around(Node.java:137)
    	at org.junit.platform.engine.support.hierarchical.NodeTestTask.lambda$executeRecursively$9(NodeTestTask.java:144)
    	at org.junit.platform.engine.support.hierarchical.ThrowableCollector.execute(ThrowableCollector.java:73)
    	at org.junit.platform.engine.support.hierarchical.NodeTestTask.executeRecursively(NodeTestTask.java:143)
    	at org.junit.platform.engine.support.hierarchical.NodeTestTask.execute(NodeTestTask.java:100)
    	at org.junit.platform.engine.support.hierarchical.SameThreadHierarchicalTestExecutorService.submit(SameThreadHierarchicalTestExecutorService.java:35)
    	at org.junit.platform.engine.support.hierarchical.HierarchicalTestExecutor.execute(HierarchicalTestExecutor.java:57)
    	at org.junit.platform.engine.support.hierarchical.HierarchicalTestEngine.execute(HierarchicalTestEngine.java:54)
    	at org.junit.platform.launcher.core.EngineExecutionOrchestrator.execute(EngineExecutionOrchestrator.java:198)
    	at org.junit.platform.launcher.core.EngineExecutionOrchestrator.execute(EngineExecutionOrchestrator.java:169)
    	at org.junit.platform.launcher.core.EngineExecutionOrchestrator.execute(EngineExecutionOrchestrator.java:93)
    	at org.junit.platform.launcher.core.EngineExecutionOrchestrator.lambda$execute$0(EngineExecutionOrchestrator.java:58)
    	at org.junit.platform.launcher.core.EngineExecutionOrchestrator.withInterceptedStreams(EngineExecutionOrchestrator.java:141)
    	at org.junit.platform.launcher.core.EngineExecutionOrchestrator.execute(EngineExecutionOrchestrator.java:57)
    	at org.junit.platform.launcher.core.DefaultLauncher.execute(DefaultLauncher.java:103)
    	at org.junit.platform.launcher.core.DefaultLauncher.execute(DefaultLauncher.java:85)
    	at org.junit.platform.launcher.core.DelegatingLauncher.execute(DelegatingLauncher.java:47)
    	at org.gradle.api.internal.tasks.testing.junitplatform.JUnitPlatformTestClassProcessor$CollectAllTestClassesExecutor.processAllTestClasses(JUnitPlatformTestClassProcessor.java:124)
    	at org.gradle.api.internal.tasks.testing.junitplatform.JUnitPlatformTestClassProcessor$CollectAllTestClassesExecutor.access$000(JUnitPlatformTestClassProcessor.java:99)
    	at org.gradle.api.internal.tasks.testing.junitplatform.JUnitPlatformTestClassProcessor.stop(JUnitPlatformTestClassProcessor.java:94)
    	at org.gradle.api.internal.tasks.testing.SuiteTestClassProcessor.stop(SuiteTestClassProcessor.java:63)
    	at java.base/jdk.internal.reflect.DirectMethodHandleAccessor.invoke(DirectMethodHandleAccessor.java:103)
    	at java.base/java.lang.reflect.Method.invoke(Method.java:580)
    	at org.gradle.internal.dispatch.ReflectionDispatch.dispatch(ReflectionDispatch.java:36)
    	at org.gradle.internal.dispatch.ReflectionDispatch.dispatch(ReflectionDispatch.java:24)
    	at org.gradle.internal.dispatch.ContextClassLoaderDispatch.dispatch(ContextClassLoaderDispatch.java:33)
    	at org.gradle.internal.dispatch.ProxyDispatchAdapter$DispatchingInvocationHandler.invoke(ProxyDispatchAdapter.java:92)
    	at jdk.proxy2/jdk.proxy2.$Proxy6.stop(Unknown Source)
    	at org.gradle.api.internal.tasks.testing.worker.TestWorker$3.run(TestWorker.java:200)
    	at org.gradle.api.internal.tasks.testing.worker.TestWorker.executeAndMaintainThreadName(TestWorker.java:132)
    	at org.gradle.api.internal.tasks.testing.worker.TestWorker.execute(TestWorker.java:103)
    	at org.gradle.api.internal.tasks.testing.worker.TestWorker.execute(TestWorker.java:63)
    	at org.gradle.process.internal.worker.child.ActionExecutionWorker.execute(ActionExecutionWorker.java:56)
    	at org.gradle.process.internal.worker.child.SystemApplicationClassLoaderWorker.call(SystemApplicationClassLoaderWorker.java:121)
    	at org.gradle.process.internal.worker.child.SystemApplicationClassLoaderWorker.call(SystemApplicationClassLoaderWorker.java:71)
    	at worker.org.gradle.process.internal.worker.GradleWorkerMain.run(GradleWorkerMain.java:69)
    	at worker.org.gradle.process.internal.worker.GradleWorkerMain.main(GradleWorkerMain.java:74)
    Caused by: java.net.SocketTimeoutException: Read timed out
    	at java.base/sun.nio.ch.NioSocketImpl.timedRead(NioSocketImpl.java:278)
    	at java.base/sun.nio.ch.NioSocketImpl.implRead(NioSocketImpl.java:304)
    	at java.base/sun.nio.ch.NioSocketImpl.read(NioSocketImpl.java:346)
    	at java.base/sun.nio.ch.NioSocketImpl$1.read(NioSocketImpl.java:796)
    	at java.base/java.net.Socket$SocketInputStream.read(Socket.java:1099)
    	at java.base/java.io.BufferedInputStream.fill(BufferedInputStream.java:291)
    	at java.base/java.io.BufferedInputStream.read1(BufferedInputStream.java:347)
    	at java.base/java.io.BufferedInputStream.implRead(BufferedInputStream.java:420)
    	at java.base/java.io.BufferedInputStream.read(BufferedInputStream.java:399)
    	at java.base/sun.net.www.http.HttpClient.parseHTTPHeader(HttpClient.java:827)
    	at java.base/sun.net.www.http.HttpClient.parseHTTP(HttpClient.java:759)
    	at java.base/sun.net.www.protocol.http.HttpURLConnection.getInputStream0(HttpURLConnection.java:1720)
    	at java.base/sun.net.www.protocol.http.HttpURLConnection.getInputStream(HttpURLConnection.java:1629)
    	at java.base/java.net.HttpURLConnection.getResponseCode(HttpURLConnection.java:531)
    	at org.springframework.http.client.SimpleClientHttpRequest.executeInternal(SimpleClientHttpRequest.java:88)
    	at org.springframework.http.client.AbstractStreamingClientHttpRequest.executeInternal(AbstractStreamingClientHttpRequest.java:71)
    	at org.springframework.http.client.AbstractClientHttpRequest.execute(AbstractClientHttpRequest.java:81)
    	at org.springframework.web.client.DefaultRestClient$DefaultRequestBodyUriSpec.exchangeInternal(DefaultRestClient.java:571)
    	... 94 common frames omitted

KiwoomClient í…ŒìŠ¤íŠ¸ > API íƒ€ìž„ì•„ì›ƒ ì‹œ ì˜ˆì™¸ ë°œìƒ PASSED

ApiGatekeeper í…ŒìŠ¤íŠ¸ > Naver APIëŠ” ì´ˆë‹¹ 10íšŒê¹Œì§€ í—ˆìš©ëœë‹¤ STANDARD_OUT
    23:56:37.957 [Test worker] INFO com.kairos.trading.common.gateway.ApiGatekeeper -- ApiGatekeeper ì´ˆê¸°í™” ì™„ë£Œ - 3 ê°œì˜ API ë²„í‚· ìƒì„±

ApiGatekeeper í…ŒìŠ¤íŠ¸ > Naver APIëŠ” ì´ˆë‹¹ 10íšŒê¹Œì§€ í—ˆìš©ëœë‹¤ PASSED

ApiGatekeeper í…ŒìŠ¤íŠ¸ > ë™ì‹œì— ì—¬ëŸ¬ ìŠ¤ë ˆë“œì—ì„œ í˜¸ì¶œí•´ë„ Rate Limitì´ ì§€ì¼œì§„ë‹¤ STANDARD_OUT
    23:56:37.959 [Test worker] INFO com.kairos.trading.common.gateway.ApiGatekeeper -- ApiGatekeeper ì´ˆê¸°í™” ì™„ë£Œ - 3 ê°œì˜ API ë²„í‚· ìƒì„±

ApiGatekeeper í…ŒìŠ¤íŠ¸ > ë™ì‹œì— ì—¬ëŸ¬ ìŠ¤ë ˆë“œì—ì„œ í˜¸ì¶œí•´ë„ Rate Limitì´ ì§€ì¼œì§„ë‹¤ PASSED

ApiGatekeeper í…ŒìŠ¤íŠ¸ > Kiwoom API 5ë²ˆì§¸ í˜¸ì¶œì€ ëŒ€ê¸° í›„ ì‹¤í–‰ëœë‹¤ STANDARD_OUT
    23:56:39.482 [Test worker] INFO com.kairos.trading.common.gateway.ApiGatekeeper -- ApiGatekeeper ì´ˆê¸°í™” ì™„ë£Œ - 3 ê°œì˜ API ë²„í‚· ìƒì„±

ApiGatekeeper í…ŒìŠ¤íŠ¸ > Kiwoom API 5ë²ˆì§¸ í˜¸ì¶œì€ ëŒ€ê¸° í›„ ì‹¤í–‰ëœë‹¤ PASSED

ApiGatekeeper í…ŒìŠ¤íŠ¸ > Null SupplierëŠ” ì˜ˆì™¸ë¥¼ ë°œìƒì‹œí‚¨ë‹¤ STANDARD_OUT
    23:56:39.742 [Test worker] INFO com.kairos.trading.common.gateway.ApiGatekeeper -- ApiGatekeeper ì´ˆê¸°í™” ì™„ë£Œ - 3 ê°œì˜ API ë²„í‚· ìƒì„±

ApiGatekeeper í…ŒìŠ¤íŠ¸ > Null SupplierëŠ” ì˜ˆì™¸ë¥¼ ë°œìƒì‹œí‚¨ë‹¤ PASSED

ApiGatekeeper í…ŒìŠ¤íŠ¸ > Supplierê°€ ì˜ˆì™¸ë¥¼ ë˜ì§€ë©´ ê·¸ëŒ€ë¡œ ì „íŒŒëœë‹¤ STANDARD_OUT
    23:56:39.744 [Test worker] INFO com.kairos.trading.common.gateway.ApiGatekeeper -- ApiGatekeeper ì´ˆê¸°í™” ì™„ë£Œ - 3 ê°œì˜ API ë²„í‚· ìƒì„±

ApiGatekeeper í…ŒìŠ¤íŠ¸ > Supplierê°€ ì˜ˆì™¸ë¥¼ ë˜ì§€ë©´ ê·¸ëŒ€ë¡œ ì „íŒŒëœë‹¤ PASSED

ApiGatekeeper í…ŒìŠ¤íŠ¸ > Gemini APIëŠ” ë¶„ë‹¹ 1000íšŒê¹Œì§€ í—ˆìš©ëœë‹¤ STANDARD_OUT
    23:56:39.745 [Test worker] INFO com.kairos.trading.common.gateway.ApiGatekeeper -- ApiGatekeeper ì´ˆê¸°í™” ì™„ë£Œ - 3 ê°œì˜ API ë²„í‚· ìƒì„±

ApiGatekeeper í…ŒìŠ¤íŠ¸ > Gemini APIëŠ” ë¶„ë‹¹ 1000íšŒê¹Œì§€ í—ˆìš©ëœë‹¤ PASSED

ApiGatekeeper í…ŒìŠ¤íŠ¸ > Null ApiTypeì€ ì˜ˆì™¸ë¥¼ ë°œìƒì‹œí‚¨ë‹¤ STANDARD_OUT
    23:56:39.747 [Test worker] INFO com.kairos.trading.common.gateway.ApiGatekeeper -- ApiGatekeeper ì´ˆê¸°í™” ì™„ë£Œ - 3 ê°œì˜ API ë²„í‚· ìƒì„±

ApiGatekeeper í…ŒìŠ¤íŠ¸ > Null ApiTypeì€ ì˜ˆì™¸ë¥¼ ë°œìƒì‹œí‚¨ë‹¤ PASSED

ApiGatekeeper í…ŒìŠ¤íŠ¸ > Kiwoom APIëŠ” ì´ˆë‹¹ 4íšŒê¹Œì§€ ì¦‰ì‹œ ì‹¤í–‰ëœë‹¤ STANDARD_OUT
    23:56:39.748 [Test worker] INFO com.kairos.trading.common.gateway.ApiGatekeeper -- ApiGatekeeper ì´ˆê¸°í™” ì™„ë£Œ - 3 ê°œì˜ API ë²„í‚· ìƒì„±

ApiGatekeeper í…ŒìŠ¤íŠ¸ > Kiwoom APIëŠ” ì´ˆë‹¹ 4íšŒê¹Œì§€ ì¦‰ì‹œ ì‹¤í–‰ëœë‹¤ PASSED

Sentinel(NewsAgent) Unit Test > ì¤‘ë¦½ì  ë‰´ìŠ¤ëŠ” WATCH íŒì • STANDARD_ERROR
    Mockito is currently self-attaching to enable the inline-mock-maker. This will no longer work in future releases of the JDK. Please add Mockito as an agent to your build what is described in Mockito's documentation: https://javadoc.io/doc/org.mockito/mockito-core/latest/org/mockito/Mockito.html#0.3
    WARNING: A Java agent has been loaded dynamically (C:\Users\BryanShin\scoop\apps\gradle\current\.gradle\caches\modules-2\files-2.1\net.bytebuddy\byte-buddy-agent\1.15.11\a38b16385e867f59a641330f0362ebe742788ed8\byte-buddy-agent-1.15.11.jar)
    WARNING: If a serviceability tool is in use, please run with -XX:+EnableDynamicAgentLoading to hide this warning
    WARNING: If a serviceability tool is not in use, please run with -Djdk.instrument.traceUsage for more information
    WARNING: Dynamic loading of agents will be disallowed by default in a future release

OpenJDK 64-Bit Server VM warning: Sharing is only supported for boot loader classes because bootstrap classpath has been appended

> Task :test

Sentinel(NewsAgent) Unit Test > ì¤‘ë¦½ì  ë‰´ìŠ¤ëŠ” WATCH íŒì • STANDARD_OUT
    23:56:41.041 [Test worker] INFO com.kairos.trading.domain.news.agent.SentinelAgent -- [Sentinel] ë¶„ì„ ì‹œìž‘ - Samsung (005930): ì£¼ì£¼ì´íšŒ ì†Œì§‘ ê³µê³ 

Sentinel(NewsAgent) Unit Test > ì¤‘ë¦½ì  ë‰´ìŠ¤ëŠ” WATCH íŒì • PASSED

Sentinel(NewsAgent) Unit Test > íš¡ë ¹ ê³µì‹œ ê°ì§€ ì‹œ Kill Switch ë° ALERT íŒì • STANDARD_OUT
    23:56:41.061 [Test worker] INFO com.kairos.trading.domain.news.agent.SentinelAgent -- [Sentinel] ë¶„ì„ ì‹œìž‘ - BadCorp (123456): ëŒ€í‘œì´ì‚¬ íš¡ë ¹ í˜ì˜ ë°œìƒ

Sentinel(NewsAgent) Unit Test > íš¡ë ¹ ê³µì‹œ ê°ì§€ ì‹œ Kill Switch ë° ALERT íŒì • PASSED

Sentinel(NewsAgent) Unit Test > í˜¸ìž¬ ë‰´ìŠ¤ ë¶„ì„ ì‹œ BUY íŒì • ë° ë†’ì€ ì ìˆ˜ STANDARD_OUT
    23:56:41.066 [Test worker] INFO com.kairos.trading.domain.news.agent.SentinelAgent -- [Sentinel] ë¶„ì„ ì‹œìž‘ - Samsung (005930): ì‚¼ì„±ì „ìž, HBM3E ë°˜ë„ì²´ ëŒ€ëŸ‰ ìˆ˜ì£¼ ê³„ì•½ ì²´ê²°.

Sentinel(NewsAgent) Unit Test > í˜¸ìž¬ ë‰´ìŠ¤ ë¶„ì„ ì‹œ BUY íŒì • ë° ë†’ì€ ì ìˆ˜ PASSED

NanoBananaCalculator í…ŒìŠ¤íŠ¸ > ì—­ë°°ì—´(MA5 < MA20 < MA60)ì´ë©´ í•˜ë½ ì¶”ì„¸ PASSED

NanoBananaCalculator í…ŒìŠ¤íŠ¸ > ì´í‰ì„ ì´ ë¶„ì‚°ë˜ë©´ ìˆ˜ë ´ë„ê°€ ë‚®ì•„ì•¼ í•œë‹¤ PASSED

NanoBananaCalculator í…ŒìŠ¤íŠ¸ > ì´ê²©ë„: í˜„ìž¬ê°€ê°€ ì´í‰ì„  ìœ„ì— ìžˆìœ¼ë©´ ì–‘ìˆ˜ PASSED

NanoBananaCalculator í…ŒìŠ¤íŠ¸ > ê±°ëž˜ëŸ‰ì´ 2ë°° ì´ìƒì´ë©´ ê¸‰ì¦ìœ¼ë¡œ íŒì • PASSED

NanoBananaCalculator í…ŒìŠ¤íŠ¸ > NanoBanana íŒ¨í„´: ê±°ëž˜ëŸ‰ ë¶€ì¡± ì‹œ ë¯¸ê°ì§€ PASSED

NanoBananaCalculator í…ŒìŠ¤íŠ¸ > ì´ë™í‰ê·  ê³„ì‚° PASSED

NanoBananaCalculator í…ŒìŠ¤íŠ¸ > ì •ë°°ì—´(MA5 > MA20 > MA60)ì´ë©´ ìƒìŠ¹ ì¶”ì„¸ PASSED

NanoBananaCalculator í…ŒìŠ¤íŠ¸ > NanoBanana íŒ¨í„´: ìˆ˜ë ´ë„ ë†’ê³ , ê±°ëž˜ëŸ‰ í­ë°œ, ì •ë°°ì—´ STANDARD_OUT
    23:56:41.089 [Test worker] INFO com.kairos.trading.domain.technical.service.NanoBananaCalculator -- [NanoBanana] ðŸŒ íŒ¨í„´ ê°ì§€! ìˆ˜ë ´ë„=0.85, ê±°ëž˜ëŸ‰=2.5ë°°

NanoBananaCalculator í…ŒìŠ¤íŠ¸ > NanoBanana íŒ¨í„´: ìˆ˜ë ´ë„ ë†’ê³ , ê±°ëž˜ëŸ‰ í­ë°œ, ì •ë°°ì—´ PASSED

NanoBananaCalculator í…ŒìŠ¤íŠ¸ > ì´í‰ì„ ì´ ë°€ì§‘ë˜ë©´ ìˆ˜ë ´ë„ê°€ ë†’ì•„ì•¼ í•œë‹¤ PASSED

MarketSimulator í†µí•© í…ŒìŠ¤íŠ¸ STANDARD_OUT
    23:56:41.314 [Test worker] INFO org.springframework.test.context.support.AnnotationConfigContextLoaderUtils -- Could not detect default configuration classes for test class [com.kairos.trading.integration.MarketSimulatorTest]: MarketSimulatorTest does not declare any static, non-private, non-final, nested classes annotated with @Configuration.
    23:56:41.638 [Test worker] INFO org.springframework.boot.test.context.SpringBootTestContextBootstrapper -- Found @SpringBootConfiguration com.kairos.trading.KairosTradingApplication for test class com.kairos.trading.integration.MarketSimulatorTest

      .   ____          _            __ _ _
     /\\ / ___'_ __ _ _(_)_ __  __ _ \ \ \ \
    ( ( )\___ | '_ | '_| | '_ \/ _` | \ \ \ \
     \\/  ___)| |_)| | | | | || (_| |  ) ) ) )
      '  |____| .__|_| |_|_| |_\__, | / / / /
     =========|_|==============|___/=/_/_/_/

     :: Spring Boot ::                (v3.4.1)

    23:56:42.779 [background-preinit] [] INFO  o.h.validator.internal.util.Version - HV000001: Hibernate Validator 8.0.2.Final
    23:56:43.011 [Test worker] [] INFO  c.k.t.i.MarketSimulatorTest - Starting MarketSimulatorTest using Java 21.0.9 with PID 74472 (started by BryanShin in F:\KAIROS\backend)
    23:56:43.013 [Test worker] [] INFO  c.k.t.i.MarketSimulatorTest - The following 1 profile is active: "test"
    23:56:44.831 [Test worker] [] INFO  o.s.d.r.c.RepositoryConfigurationDelegate - Bootstrapping Spring Data JPA repositories in DEFAULT mode.
    23:56:45.184 [Test worker] [] INFO  o.s.d.r.c.RepositoryConfigurationDelegate - Finished Spring Data repository scanning in 337 ms. Found 7 JPA repository interfaces.
    23:56:47.250 [Test worker] [] INFO  o.h.jpa.internal.util.LogHelper - HHH000204: Processing PersistenceUnitInfo [name: default]
    23:56:47.403 [Test worker] [] INFO  org.hibernate.Version - HHH000412: Hibernate ORM core version 6.6.4.Final
    23:56:47.508 [Test worker] [] INFO  o.h.c.i.RegionFactoryInitiator - HHH000026: Second-level cache disabled
    23:56:47.829 [Test worker] [] INFO  o.s.o.j.p.SpringPersistenceUnitInfo - No LoadTimeWeaver setup: ignoring JPA class transformer
    23:56:47.904 [Test worker] [] INFO  com.zaxxer.hikari.HikariDataSource - HikariPool-1 - Starting...
    23:56:48.439 [Test worker] [] INFO  com.zaxxer.hikari.pool.HikariPool - HikariPool-1 - Added connection conn0: url=jdbc:h2:mem:testdb user=SA
    23:56:48.443 [Test worker] [] INFO  com.zaxxer.hikari.HikariDataSource - HikariPool-1 - Start completed.
    23:56:48.575 [Test worker] [] INFO  o.hibernate.orm.connections.pooling - HHH10001005: Database info:
    	Database JDBC URL [Connecting through datasource 'HikariDataSource (HikariPool-1)']
    	Database driver: undefined/unknown
    	Database version: 2.3.232
    	Autocommit mode: undefined/unknown
    	Isolation level: undefined/unknown
    	Minimum pool size: undefined/unknown
    	Maximum pool size: undefined/unknown
    23:56:50.451 [Test worker] [] INFO  o.h.e.t.j.p.i.JtaPlatformInitiator - HHH000489: No JTA platform available (set 'hibernate.transaction.jta.platform' to enable JTA platform integration)
    23:56:50.477 [Test worker] [] DEBUG org.hibernate.SQL - 
        drop table if exists account cascade 
    23:56:50.483 [Test worker] [] DEBUG org.hibernate.SQL - 
        drop table if exists holding cascade 
    23:56:50.483 [Test worker] [] DEBUG org.hibernate.SQL - 
        drop table if exists journal cascade 
    23:56:50.484 [Test worker] [] DEBUG org.hibernate.SQL - 
        drop table if exists rss_feed cascade 
    23:56:50.484 [Test worker] [] DEBUG org.hibernate.SQL - 
        drop table if exists rss_feed_config cascade 
    23:56:50.484 [Test worker] [] DEBUG org.hibernate.SQL - 
        drop table if exists target_stock cascade 
    23:56:50.485 [Test worker] [] DEBUG org.hibernate.SQL - 
        drop table if exists trade_log cascade 
    23:56:50.485 [Test worker] [] DEBUG org.hibernate.SQL - 
        drop table if exists user_setting cascade 
    23:56:50.494 [Test worker] [] DEBUG org.hibernate.SQL - 
        create table account (
            d2_deposit numeric(18,2),
            daily_profit numeric(18,2),
            deposit numeric(18,2),
            total_asset numeric(18,2),
            id bigint generated by default as identity,
            updated_at timestamp(6),
            account_no varchar(20) not null unique,
            primary key (id)
        )
    23:56:50.515 [Test worker] [] DEBUG org.hibernate.SQL - 
        create table holding (
            avg_price numeric(18,2),
            current_price numeric(18,2),
            profit_loss numeric(18,2),
            profit_rate float(53),
            quantity integer not null,
            account_id bigint not null,
            id bigint generated by default as identity,
            updated_at timestamp(6),
            stock_code varchar(10) not null,
            stock_name varchar(50) not null,
            primary key (id)
        )
    23:56:50.519 [Test worker] [] DEBUG org.hibernate.SQL - 
        create table journal (
            date date not null unique,
            total_profit_loss numeric(18,2),
            trade_count integer,
            win_rate numeric(5,2),
            best_trade_log_id bigint,
            created_at timestamp(6),
            id bigint generated by default as identity,
            worst_trade_log_id bigint,
            ai_review_content TEXT,
            improvement_points TEXT,
            primary key (id)
        )
    23:56:50.521 [Test worker] [] DEBUG org.hibernate.SQL - 
        create table rss_feed (
            is_active boolean,
            polling_interval_sec integer,
            id bigint generated by default as identity,
            category varchar(20),
            name varchar(100) not null,
            url varchar(500) not null,
            primary key (id)
        )
    23:56:50.524 [Test worker] [] DEBUG org.hibernate.SQL - 
        create table rss_feed_config (
            is_active boolean,
            id bigint generated by default as identity,
            category varchar(20),
            name varchar(50),
            url varchar(255) not null unique,
            primary key (id)
        )
    23:56:50.527 [Test worker] [] DEBUG org.hibernate.SQL - 
        create table target_stock (
            base_date date not null,
            current_stop_loss numeric(10,0),
            current_target_price numeric(10,0),
            flow_score integer,
            fund_score integer,
            news_score integer,
            nexus_score integer,
            original_stop_loss numeric(10,0),
            original_target_price numeric(10,0),
            tech_score integer,
            created_at timestamp(6),
            id bigint generated by default as identity,
            risk_level varchar(10),
            stock_code varchar(10) not null,
            decision varchar(20),
            status varchar(20),
            strategy_mode varchar(20),
            stock_name varchar(50),
            nexus_reason TEXT,
            primary key (id),
            unique (base_date, stock_code)
        )
    23:56:50.529 [Test worker] [] DEBUG org.hibernate.SQL - 
        create table trade_log (
            filled_price numeric(10,0),
            market_score_snapshot integer,
            order_price numeric(10,0),
            profit_loss numeric(15,0),
            quantity integer,
            slippage_rate numeric(5,2),
            executed_at timestamp(6),
            id bigint generated by default as identity,
            target_stock_id bigint,
            stock_code varchar(10) not null,
            trade_type varchar(10),
            order_id varchar(20),
            status varchar(20),
            stock_name varchar(50),
            agent_msg varchar(255),
            primary key (id)
        )
    23:56:50.532 [Test worker] [] DEBUG org.hibernate.SQL - 
        create table user_setting (
            max_loss_per_trade float(53),
            max_position_count integer,
            max_position_ratio float(53),
            re_entry_allowed boolean,
            id bigint generated by default as identity,
            strategy_mode varchar(20),
            api_rate_limit_config TEXT,
            user_id varchar(255) unique,
            primary key (id)
        )
    23:56:50.534 [Test worker] [] DEBUG org.hibernate.SQL - 
        alter table if exists holding 
           add constraint FKl3fvhua25fo3eyt2qhghfyw60 
           foreign key (account_id) 
           references account
    23:56:50.556 [Test worker] [] DEBUG org.hibernate.SQL - 
        alter table if exists trade_log 
           add constraint FKbvkp5qm23og89qab6rkc54ljm 
           foreign key (target_stock_id) 
           references target_stock
    23:56:50.563 [Test worker] [] INFO  o.s.o.j.LocalContainerEntityManagerFactoryBean - Initialized JPA EntityManagerFactory for persistence unit 'default'
    23:56:50.608 [Test worker] [] INFO  c.k.t.common.gateway.ApiGatekeeper - ApiGatekeeper ì´ˆê¸°í™” ì™„ë£Œ - 3 ê°œì˜ API ë²„í‚· ìƒì„±
    23:56:50.640 [Test worker] [] INFO  c.k.trading.common.ai.GeminiConfig - Vector ëª¨ë¸ ì´ˆê¸°í™” (gemini-2.5-flash, temp=0.2)
    23:56:50.797 [Test worker] [] INFO  c.k.trading.common.ai.AiClientConfig - VectorAiClient ìƒì„± (temp=0.2)
    23:56:50.826 [Test worker] [] INFO  c.k.trading.common.ai.GeminiConfig - Sonar ëª¨ë¸ ì´ˆê¸°í™” (gemini-2.5-flash, temp=0.1)
    23:56:50.837 [Test worker] [] INFO  c.k.trading.common.ai.AiClientConfig - SonarAiClient ìƒì„± (temp=0.1)
    23:56:51.437 [Test worker] [] INFO  o.s.d.j.r.query.QueryEnhancerFactory - Hibernate is in classpath; If applicable, HQL parser will be used.
    23:56:52.553 [Test worker] [] INFO  c.k.t.c.w.KiwoomWebSocketClient - KiwoomWebSocketClient ì´ˆê¸°í™” ì™„ë£Œ
    23:56:52.849 [Test worker] [] INFO  c.k.trading.common.ai.GeminiConfig - Aegis Review ëª¨ë¸ ì´ˆê¸°í™” (gemini-2.5-flash, temp=0.1)
    23:56:52.859 [Test worker] [] INFO  c.k.trading.common.ai.AiClientConfig - AegisReviewAiClient ìƒì„± (temp=0.1)
    23:56:52.867 [Test worker] [] INFO  c.k.trading.common.ai.GeminiConfig - Axiom ëª¨ë¸ ì´ˆê¸°í™” (gemini-2.5-flash, temp=0.0)
    23:56:52.877 [Test worker] [] INFO  c.k.trading.common.ai.AiClientConfig - AxiomAiClient ìƒì„± (temp=0.0)
    23:56:52.954 [Test worker] [] INFO  c.k.trading.common.ai.GeminiConfig - Sentinel ëª¨ë¸ ì´ˆê¸°í™” (gemini-2.5-flash, temp=0.1)
    23:56:52.961 [Test worker] [] INFO  c.k.trading.common.ai.AiClientConfig - SentinelAiClient ìƒì„± (temp=0.1)
    23:56:52.968 [Test worker] [] INFO  c.k.trading.common.ai.GeminiConfig - Resonance ëª¨ë¸ ì´ˆê¸°í™” (gemini-2.5-flash, temp=0.6)
    23:56:52.977 [Test worker] [] INFO  c.k.trading.common.ai.AiClientConfig - ResonanceAiClient ìƒì„± (temp=0.6)
    23:56:53.029 [Test worker] [] INFO  c.k.trading.common.ai.GeminiConfig - Nexus ëª¨ë¸ ì´ˆê¸°í™” (gemini-2.5-pro, temp=0.2)
    23:56:54.447 [Test worker] [] INFO  o.s.b.a.h.H2ConsoleAutoConfiguration - H2 console available at '/h2-console'. Database available at 'jdbc:h2:mem:testdb'
    23:56:54.527 [Test worker] [] INFO  o.s.b.a.e.web.EndpointLinksResolver - Exposing 2 endpoints beneath base path '/actuator'
    23:56:54.637 [Test worker] [] INFO  c.k.t.i.MarketSimulatorTest - Started MarketSimulatorTest in 12.742 seconds (process running for 27.256)

MarketSimulator í†µí•© í…ŒìŠ¤íŠ¸ > [Nexus] 5ê°œ ì—ì´ì „íŠ¸ ë§Œìž¥ì¼ì¹˜ ì‹œ BUY ê²°ì • STANDARD_OUT
    23:56:54.766 [Test worker] [] INFO  c.k.t.d.strategy.agent.NexusAgent - [Nexus] ì „ëžµ íšŒì˜ ì‹œìž‘ - Samsung (005930), ì„±í–¥: AGGRESSIVE, ë³´ê³ ì„œ ìˆ˜: 5

MarketSimulator í†µí•© í…ŒìŠ¤íŠ¸ > [Nexus] 5ê°œ ì—ì´ì „íŠ¸ ë§Œìž¥ì¼ì¹˜ ì‹œ BUY ê²°ì • PASSED

MarketSimulator í†µí•© í…ŒìŠ¤íŠ¸ > [Kill Switch] íš¡ë ¹ ë‰´ìŠ¤ ë°œìƒ ì‹œ ì¦‰ì‹œ ê²½ê³  PASSED

23:56:55.488 [SpringApplicationShutdownHook] [] INFO  o.s.o.j.LocalContainerEntityManagerFactoryBean - Closing JPA EntityManagerFactory for persistence unit 'default'
23:56:55.488 [SpringApplicationShutdownHook] [] DEBUG org.hibernate.SQL - 
    drop table if exists account cascade 
23:56:55.490 [SpringApplicationShutdownHook] [] DEBUG org.hibernate.SQL - 
    drop table if exists holding cascade 
23:56:55.491 [SpringApplicationShutdownHook] [] DEBUG org.hibernate.SQL - 
    drop table if exists journal cascade 
23:56:55.492 [SpringApplicationShutdownHook] [] DEBUG org.hibernate.SQL - 
    drop table if exists rss_feed cascade 
23:56:55.493 [SpringApplicationShutdownHook] [] DEBUG org.hibernate.SQL - 
    drop table if exists rss_feed_config cascade 
23:56:55.494 [SpringApplicationShutdownHook] [] DEBUG org.hibernate.SQL - 
    drop table if exists target_stock cascade 
23:56:55.494 [SpringApplicationShutdownHook] [] DEBUG org.hibernate.SQL - 
    drop table if exists trade_log cascade 
23:56:55.495 [SpringApplicationShutdownHook] [] DEBUG org.hibernate.SQL - 
    drop table if exists user_setting cascade 
23:56:55.498 [SpringApplicationShutdownHook] [] INFO  com.zaxxer.hikari.HikariDataSource - HikariPool-1 - Shutdown initiated...
23:56:55.501 [SpringApplicationShutdownHook] [] INFO  com.zaxxer.hikari.HikariDataSource - HikariPool-1 - Shutdown completed.

> Task :jacocoTestReport

BUILD SUCCESSFUL in 33s
6 actionable tasks: 2 executed, 4 up-to-date
